0    [main] DEBUG AccountMain  - Banking Account Process Started
6429 [main] DEBUG com.mindtree.entity.AccountService.AccountService  - Account Number Invalid
7452 [main] DEBUG com.mindtree.entity.AccountService.AccountService  - Account Number Invalid
13664 [main] DEBUG com.mindtree.entity.AccountService.AccountService  - Customer Name Invalid
14630 [main] DEBUG com.mindtree.entity.AccountService.AccountService  - Customer Name Invalid
18508 [main] DEBUG com.mindtree.entity.AccountService.AccountService  - Balance Amount Invalid
20316 [main] DEBUG com.mindtree.entity.AccountService.AccountService  - Balance Amount Invalid
30120 [main] DEBUG AccountMain  - Account Creation Failed
30859 [main] DEBUG AccountMain  - Account Creation Failed
46482 [main] DEBUG AccountMain  - Payer Account Number Invalid
47589 [main] DEBUG AccountMain  - Payer Account Number Invalid
48745 [main] DEBUG AccountMain  - Payer Account Number Invalid Input Type
53648 [main] DEBUG AccountMain  - Receiver Account Number Invalid
54632 [main] DEBUG AccountMain  - Receiver Account Number Invalid
56866 [main] DEBUG AccountMain  - Receiver Account Number Invalid Input Type
64045 [main] DEBUG AccountMain  - Balance Amount Invalid
95743 [main] DEBUG AccountMain  - Balance Amount Invalid
100726 [main] DEBUG AccountMain  - Balance Amount Invalid Input Type
103857 [main] DEBUG AccountMain  - Balance Amount Invalid
110533 [main] DEBUG AccountMain  - Balance Amount Invalid Input Type
114284 [main] DEBUG AccountMain  - Balance Amount Invalid
119386 [main] DEBUG com.mindtree.entity.AccountService.AccountService  - Insufficient Balance in Account
119388 [main] DEBUG AccountMain  - Insufficient Balance in Account
0    [main] DEBUG AccountMain  - Banking Account Process Started
0    [main] DEBUG AccountMain  - Banking Account Process Started
25204 [main] DEBUG com.mindtree.entity.AccountService.AccountService  - Customer Name Invalid
25558 [main] DEBUG com.mindtree.entity.AccountService.AccountService  - Customer Name Invalid
51846 [main] DEBUG com.mindtree.entity.Account.Account  - Insufficient Balance in Account
51852 [main] DEBUG AccountMain  - Insufficient Balance in Account
0    [main] DEBUG AccountMain  - Banking Account Process Started
4020 [main] DEBUG com.mindtree.entity.AccountService.AccountService  - Customer Name Invalid
12746 [main] DEBUG AccountMain  - Account Creation Failed
0    [main] DEBUG AccountMain  - Banking Account Process Started
5046 [main] DEBUG AccountMain  - Account Creation Failed
20689 [main] DEBUG AccountMain  - Account Creation Failed
30995 [main] DEBUG AccountMain  - Account Number Invalid
32513 [main] DEBUG AccountMain  - Account Number Invalid
34830 [main] DEBUG AccountMain  - Account Number Invalid Input Type
54926 [main] DEBUG AccountMain  - Balance Amount Invalid Input Type
56806 [main] DEBUG AccountMain  - Balance Amount Invalid Input Type
59005 [main] DEBUG com.mindtree.entity.Account.Account  - Balance Amount Invalid
59005 [main] DEBUG AccountMain  - Balance Amount Invalid
81631 [main] DEBUG com.mindtree.entity.Account.Account  - Insufficient Balance in Account
81631 [main] DEBUG AccountMain  - Insufficient Balance in Account
88582 [main] DEBUG com.mindtree.entity.Account.Account  - Balance Amount Invalid
88582 [main] DEBUG AccountMain  - Invalid Balance Amount
90325 [main] DEBUG com.mindtree.entity.Account.Account  - Balance Amount Invalid
90325 [main] DEBUG AccountMain  - Invalid Balance Amount
91952 [main] DEBUG AccountMain  - Balance Amount Invalid Input Type
95791 [main] DEBUG AccountMain  - Balance Amount Invalid Input Type
108791 [main] DEBUG com.mindtree.entity.AccountService.AccountService  - Account Numbers are Same
108791 [main] DEBUG AccountMain  - Account Transcation Cancelled
122050 [main] DEBUG AccountMain  - Banking Account Process Ended
